{"name": "Тест 3: Авторизация пользователя", "status": "broken", "statusDetails": {"message": "selenium.common.exceptions.TimeoutException: Message: \nStacktrace:\nSymbols not available. Dumping unresolved backtrace:\n\t0x7ff70864a535\n\t0x7ff70864a590\n\t0x7ff7083f10bd\n\t0x7ff70844c48e\n\t0x7ff70844c79c\n\t0x7ff70849d3a7\n\t0x7ff708499ef5\n\t0x7ff70843cc9c\n\t0x7ff70843dbe3\n\t0x7ff708927b60\n\t0x7ff708921f5d\n\t0x7ff70894311a\n\t0x7ff7086660a5\n\t0x7ff70866e73c\n\t0x7ff708653844\n\t0x7ff7086539f6\n\t0x7ff708639a07\n\t0x7ffff21e7374\n\t0x7ffff269cc91", "trace": "tests\\test_ui.py:72: in test_user_authorization\n    main_page.go_to_login()\npages\\main_page.py:38: in go_to_login\n    self.click(self.LOGIN_BUTTON)\npages\\base_page.py:40: in click\n    element = self.find_element(locator)\npages\\base_page.py:29: in find_element\n    return wait.until(EC.presence_of_element_located(locator))\n..\\..\\.venv\\Lib\\site-packages\\selenium\\webdriver\\support\\wait.py:101: in until\n    raise TimeoutException(message, screen, stacktrace)\nE   selenium.common.exceptions.TimeoutException: Message: \nE   Stacktrace:\nE   Symbols not available. Dumping unresolved backtrace:\nE   \t0x7ff70864a535\nE   \t0x7ff70864a590\nE   \t0x7ff7083f10bd\nE   \t0x7ff70844c48e\nE   \t0x7ff70844c79c\nE   \t0x7ff70849d3a7\nE   \t0x7ff708499ef5\nE   \t0x7ff70843cc9c\nE   \t0x7ff70843dbe3\nE   \t0x7ff708927b60\nE   \t0x7ff708921f5d\nE   \t0x7ff70894311a\nE   \t0x7ff7086660a5\nE   \t0x7ff70866e73c\nE   \t0x7ff708653844\nE   \t0x7ff7086539f6\nE   \t0x7ff708639a07\nE   \t0x7ffff21e7374\nE   \t0x7ffff269cc91"}, "description": "Тест авторизации пользователя", "steps": [{"name": "Открыть главную страницу", "status": "passed", "steps": [{"name": "Открыть главную страницу", "status": "passed", "steps": [{"name": "Открыть страницу '/'", "status": "passed", "parameters": [{"name": "url", "value": "'/'"}], "start": 1770133913597, "stop": 1770133918547}], "start": 1770133913597, "stop": 1770133918547}], "start": 1770133913597, "stop": 1770133918547}, {"name": "Перейти на страницу авторизации", "status": "broken", "statusDetails": {"message": "selenium.common.exceptions.TimeoutException: Message: \nStacktrace:\nSymbols not available. Dumping unresolved backtrace:\n\t0x7ff70864a535\n\t0x7ff70864a590\n\t0x7ff7083f10bd\n\t0x7ff70844c48e\n\t0x7ff70844c79c\n\t0x7ff70849d3a7\n\t0x7ff708499ef5\n\t0x7ff70843cc9c\n\t0x7ff70843dbe3\n\t0x7ff708927b60\n\t0x7ff708921f5d\n\t0x7ff70894311a\n\t0x7ff7086660a5\n\t0x7ff70866e73c\n\t0x7ff708653844\n\t0x7ff7086539f6\n\t0x7ff708639a07\n\t0x7ffff21e7374\n\t0x7ffff269cc91\n\n", "trace": "  File \"C:\\GitHub-копия\\skypro_automation\\chitai-gorod-automation\\tests\\test_ui.py\", line 72, in test_user_authorization\n    main_page.go_to_login()\n  File \"C:\\GitHub-копия\\.venv\\Lib\\site-packages\\allure_commons\\_allure.py\", line 192, in impl\n    return func(*a, **kw)\n           ^^^^^^^^^^^^^^\n  File \"C:\\GitHub-копия\\skypro_automation\\chitai-gorod-automation\\pages\\main_page.py\", line 38, in go_to_login\n    self.click(self.LOGIN_BUTTON)\n  File \"C:\\GitHub-копия\\.venv\\Lib\\site-packages\\allure_commons\\_allure.py\", line 192, in impl\n    return func(*a, **kw)\n           ^^^^^^^^^^^^^^\n  File \"C:\\GitHub-копия\\skypro_automation\\chitai-gorod-automation\\pages\\base_page.py\", line 40, in click\n    element = self.find_element(locator)\n              ^^^^^^^^^^^^^^^^^^^^^^^^^^\n  File \"C:\\GitHub-копия\\.venv\\Lib\\site-packages\\allure_commons\\_allure.py\", line 192, in impl\n    return func(*a, **kw)\n           ^^^^^^^^^^^^^^\n  File \"C:\\GitHub-копия\\skypro_automation\\chitai-gorod-automation\\pages\\base_page.py\", line 29, in find_element\n    return wait.until(EC.presence_of_element_located(locator))\n           ^^^^^^^^^^^^^^^^^^^^^^^^^^^^^^^^^^^^^^^^^^^^^^^^^^^\n  File \"C:\\GitHub-копия\\.venv\\Lib\\site-packages\\selenium\\webdriver\\support\\wait.py\", line 101, in until\n    raise TimeoutException(message, screen, stacktrace)\n"}, "steps": [{"name": "Перейти на страницу авторизации", "status": "broken", "statusDetails": {"message": "selenium.common.exceptions.TimeoutException: Message: \nStacktrace:\nSymbols not available. Dumping unresolved backtrace:\n\t0x7ff70864a535\n\t0x7ff70864a590\n\t0x7ff7083f10bd\n\t0x7ff70844c48e\n\t0x7ff70844c79c\n\t0x7ff70849d3a7\n\t0x7ff708499ef5\n\t0x7ff70843cc9c\n\t0x7ff70843dbe3\n\t0x7ff708927b60\n\t0x7ff708921f5d\n\t0x7ff70894311a\n\t0x7ff7086660a5\n\t0x7ff70866e73c\n\t0x7ff708653844\n\t0x7ff7086539f6\n\t0x7ff708639a07\n\t0x7ffff21e7374\n\t0x7ffff269cc91\n\n", "trace": "  File \"C:\\GitHub-копия\\.venv\\Lib\\site-packages\\allure_commons\\_allure.py\", line 192, in impl\n    return func(*a, **kw)\n           ^^^^^^^^^^^^^^\n  File \"C:\\GitHub-копия\\skypro_automation\\chitai-gorod-automation\\pages\\main_page.py\", line 38, in go_to_login\n    self.click(self.LOGIN_BUTTON)\n  File \"C:\\GitHub-копия\\.venv\\Lib\\site-packages\\allure_commons\\_allure.py\", line 192, in impl\n    return func(*a, **kw)\n           ^^^^^^^^^^^^^^\n  File \"C:\\GitHub-копия\\skypro_automation\\chitai-gorod-automation\\pages\\base_page.py\", line 40, in click\n    element = self.find_element(locator)\n              ^^^^^^^^^^^^^^^^^^^^^^^^^^\n  File \"C:\\GitHub-копия\\.venv\\Lib\\site-packages\\allure_commons\\_allure.py\", line 192, in impl\n    return func(*a, **kw)\n           ^^^^^^^^^^^^^^\n  File \"C:\\GitHub-копия\\skypro_automation\\chitai-gorod-automation\\pages\\base_page.py\", line 29, in find_element\n    return wait.until(EC.presence_of_element_located(locator))\n           ^^^^^^^^^^^^^^^^^^^^^^^^^^^^^^^^^^^^^^^^^^^^^^^^^^^\n  File \"C:\\GitHub-копия\\.venv\\Lib\\site-packages\\selenium\\webdriver\\support\\wait.py\", line 101, in until\n    raise TimeoutException(message, screen, stacktrace)\n"}, "steps": [{"name": "Кликнуть на элемент ('xpath', \"//button[contains(text(), 'Войти')] | //a[contains(text(), 'Войти')]\")", "status": "broken", "statusDetails": {"message": "selenium.common.exceptions.TimeoutException: Message: \nStacktrace:\nSymbols not available. Dumping unresolved backtrace:\n\t0x7ff70864a535\n\t0x7ff70864a590\n\t0x7ff7083f10bd\n\t0x7ff70844c48e\n\t0x7ff70844c79c\n\t0x7ff70849d3a7\n\t0x7ff708499ef5\n\t0x7ff70843cc9c\n\t0x7ff70843dbe3\n\t0x7ff708927b60\n\t0x7ff708921f5d\n\t0x7ff70894311a\n\t0x7ff7086660a5\n\t0x7ff70866e73c\n\t0x7ff708653844\n\t0x7ff7086539f6\n\t0x7ff708639a07\n\t0x7ffff21e7374\n\t0x7ffff269cc91\n\n", "trace": "  File \"C:\\GitHub-копия\\.venv\\Lib\\site-packages\\allure_commons\\_allure.py\", line 192, in impl\n    return func(*a, **kw)\n           ^^^^^^^^^^^^^^\n  File \"C:\\GitHub-копия\\skypro_automation\\chitai-gorod-automation\\pages\\base_page.py\", line 40, in click\n    element = self.find_element(locator)\n              ^^^^^^^^^^^^^^^^^^^^^^^^^^\n  File \"C:\\GitHub-копия\\.venv\\Lib\\site-packages\\allure_commons\\_allure.py\", line 192, in impl\n    return func(*a, **kw)\n           ^^^^^^^^^^^^^^\n  File \"C:\\GitHub-копия\\skypro_automation\\chitai-gorod-automation\\pages\\base_page.py\", line 29, in find_element\n    return wait.until(EC.presence_of_element_located(locator))\n           ^^^^^^^^^^^^^^^^^^^^^^^^^^^^^^^^^^^^^^^^^^^^^^^^^^^\n  File \"C:\\GitHub-копия\\.venv\\Lib\\site-packages\\selenium\\webdriver\\support\\wait.py\", line 101, in until\n    raise TimeoutException(message, screen, stacktrace)\n"}, "steps": [{"name": "Найти элемент ('xpath', \"//button[contains(text(), 'Войти')] | //a[contains(text(), 'Войти')]\")", "status": "broken", "statusDetails": {"message": "selenium.common.exceptions.TimeoutException: Message: \nStacktrace:\nSymbols not available. Dumping unresolved backtrace:\n\t0x7ff70864a535\n\t0x7ff70864a590\n\t0x7ff7083f10bd\n\t0x7ff70844c48e\n\t0x7ff70844c79c\n\t0x7ff70849d3a7\n\t0x7ff708499ef5\n\t0x7ff70843cc9c\n\t0x7ff70843dbe3\n\t0x7ff708927b60\n\t0x7ff708921f5d\n\t0x7ff70894311a\n\t0x7ff7086660a5\n\t0x7ff70866e73c\n\t0x7ff708653844\n\t0x7ff7086539f6\n\t0x7ff708639a07\n\t0x7ffff21e7374\n\t0x7ffff269cc91\n\n", "trace": "  File \"C:\\GitHub-копия\\.venv\\Lib\\site-packages\\allure_commons\\_allure.py\", line 192, in impl\n    return func(*a, **kw)\n           ^^^^^^^^^^^^^^\n  File \"C:\\GitHub-копия\\skypro_automation\\chitai-gorod-automation\\pages\\base_page.py\", line 29, in find_element\n    return wait.until(EC.presence_of_element_located(locator))\n           ^^^^^^^^^^^^^^^^^^^^^^^^^^^^^^^^^^^^^^^^^^^^^^^^^^^\n  File \"C:\\GitHub-копия\\.venv\\Lib\\site-packages\\selenium\\webdriver\\support\\wait.py\", line 101, in until\n    raise TimeoutException(message, screen, stacktrace)\n"}, "parameters": [{"name": "locator", "value": "('xpath', \"//button[contains(text(), 'Войти')] | //a[contains(text(), 'Войти')]\")"}, {"name": "timeout", "value": "None"}], "start": 1770133918548, "stop": 1770133934090}], "parameters": [{"name": "locator", "value": "('xpath', \"//button[contains(text(), 'Войти')] | //a[contains(text(), 'Войти')]\")"}], "start": 1770133918548, "stop": 1770133934090}], "start": 1770133918548, "stop": 1770133934091}], "start": 1770133918547, "stop": 1770133934091}], "attachments": [{"name": "screenshot_on_failure", "source": "9fefd7fe-01e3-4d03-958a-09d3b6f3ed4d-attachment.png", "type": "image/png"}], "start": 1770133913597, "stop": 1770133934092, "uuid": "197edb96-5cbc-4073-b268-b16dbcabf117", "historyId": "692e88fdd77825ef16f4c313b6400d55", "testCaseId": "692e88fdd77825ef16f4c313b6400d55", "fullName": "tests.test_ui.TestUI#test_user_authorization", "labels": [{"name": "story", "value": "Тестирование пользовательского интерфейса"}, {"name": "feature", "value": "UI Тесты"}, {"name": "severity", "value": "critical"}, {"name": "tag", "value": "ui"}, {"name": "parentSuite", "value": "tests"}, {"name": "suite", "value": "test_ui"}, {"name": "subSuite", "value": "TestUI"}, {"name": "host", "value": "DESKTOP-TGQ0QPL"}, {"name": "thread", "value": "12500-MainThread"}, {"name": "framework", "value": "pytest"}, {"name": "language", "value": "cpython3"}, {"name": "package", "value": "tests.test_ui"}]}