{"name": "Тест 2: Добавление книги в корзину", "status": "broken", "statusDetails": {"message": "selenium.common.exceptions.TimeoutException: Message: \nStacktrace:\nSymbols not available. Dumping unresolved backtrace:\n\t0x7ff70864a535\n\t0x7ff70864a590\n\t0x7ff7083f10bd\n\t0x7ff70844c48e\n\t0x7ff70844c79c\n\t0x7ff70849d3a7\n\t0x7ff708499ef5\n\t0x7ff70843cc9c\n\t0x7ff70843dbe3\n\t0x7ff708927b60\n\t0x7ff708921f5d\n\t0x7ff70894311a\n\t0x7ff7086660a5\n\t0x7ff70866e73c\n\t0x7ff708653844\n\t0x7ff7086539f6\n\t0x7ff708639a07\n\t0x7ffff21e7374\n\t0x7ffff269cc91", "trace": "tests\\test_ui.py:47: in test_add_to_cart\n    main_page.search_book(\"Булгаков\")\npages\\main_page.py:27: in search_book\n    self.type_text(self.SEARCH_INPUT, query)\npages\\base_page.py:46: in type_text\n    element = self.find_element(locator)\npages\\base_page.py:29: in find_element\n    return wait.until(EC.presence_of_element_located(locator))\n..\\..\\.venv\\Lib\\site-packages\\selenium\\webdriver\\support\\wait.py:101: in until\n    raise TimeoutException(message, screen, stacktrace)\nE   selenium.common.exceptions.TimeoutException: Message: \nE   Stacktrace:\nE   Symbols not available. Dumping unresolved backtrace:\nE   \t0x7ff70864a535\nE   \t0x7ff70864a590\nE   \t0x7ff7083f10bd\nE   \t0x7ff70844c48e\nE   \t0x7ff70844c79c\nE   \t0x7ff70849d3a7\nE   \t0x7ff708499ef5\nE   \t0x7ff70843cc9c\nE   \t0x7ff70843dbe3\nE   \t0x7ff708927b60\nE   \t0x7ff708921f5d\nE   \t0x7ff70894311a\nE   \t0x7ff7086660a5\nE   \t0x7ff70866e73c\nE   \t0x7ff708653844\nE   \t0x7ff7086539f6\nE   \t0x7ff708639a07\nE   \t0x7ffff21e7374\nE   \t0x7ffff269cc91"}, "description": "Тест добавления книги в корзину", "steps": [{"name": "Открыть главную страницу", "status": "passed", "steps": [{"name": "Открыть главную страницу", "status": "passed", "steps": [{"name": "Открыть страницу '/'", "status": "passed", "parameters": [{"name": "url", "value": "'/'"}], "start": 1770133883655, "stop": 1770133888836}], "start": 1770133883655, "stop": 1770133888836}], "start": 1770133883655, "stop": 1770133888836}, {"name": "Поиск книги для добавления в корзину", "status": "broken", "statusDetails": {"message": "selenium.common.exceptions.TimeoutException: Message: \nStacktrace:\nSymbols not available. Dumping unresolved backtrace:\n\t0x7ff70864a535\n\t0x7ff70864a590\n\t0x7ff7083f10bd\n\t0x7ff70844c48e\n\t0x7ff70844c79c\n\t0x7ff70849d3a7\n\t0x7ff708499ef5\n\t0x7ff70843cc9c\n\t0x7ff70843dbe3\n\t0x7ff708927b60\n\t0x7ff708921f5d\n\t0x7ff70894311a\n\t0x7ff7086660a5\n\t0x7ff70866e73c\n\t0x7ff708653844\n\t0x7ff7086539f6\n\t0x7ff708639a07\n\t0x7ffff21e7374\n\t0x7ffff269cc91\n\n", "trace": "  File \"C:\\GitHub-копия\\skypro_automation\\chitai-gorod-automation\\tests\\test_ui.py\", line 47, in test_add_to_cart\n    main_page.search_book(\"Булгаков\")\n  File \"C:\\GitHub-копия\\.venv\\Lib\\site-packages\\allure_commons\\_allure.py\", line 192, in impl\n    return func(*a, **kw)\n           ^^^^^^^^^^^^^^\n  File \"C:\\GitHub-копия\\skypro_automation\\chitai-gorod-automation\\pages\\main_page.py\", line 27, in search_book\n    self.type_text(self.SEARCH_INPUT, query)\n  File \"C:\\GitHub-копия\\.venv\\Lib\\site-packages\\allure_commons\\_allure.py\", line 192, in impl\n    return func(*a, **kw)\n           ^^^^^^^^^^^^^^\n  File \"C:\\GitHub-копия\\skypro_automation\\chitai-gorod-automation\\pages\\base_page.py\", line 46, in type_text\n    element = self.find_element(locator)\n              ^^^^^^^^^^^^^^^^^^^^^^^^^^\n  File \"C:\\GitHub-копия\\.venv\\Lib\\site-packages\\allure_commons\\_allure.py\", line 192, in impl\n    return func(*a, **kw)\n           ^^^^^^^^^^^^^^\n  File \"C:\\GitHub-копия\\skypro_automation\\chitai-gorod-automation\\pages\\base_page.py\", line 29, in find_element\n    return wait.until(EC.presence_of_element_located(locator))\n           ^^^^^^^^^^^^^^^^^^^^^^^^^^^^^^^^^^^^^^^^^^^^^^^^^^^\n  File \"C:\\GitHub-копия\\.venv\\Lib\\site-packages\\selenium\\webdriver\\support\\wait.py\", line 101, in until\n    raise TimeoutException(message, screen, stacktrace)\n"}, "steps": [{"name": "Выполнить поиск: 'Булгаков'", "status": "broken", "statusDetails": {"message": "selenium.common.exceptions.TimeoutException: Message: \nStacktrace:\nSymbols not available. Dumping unresolved backtrace:\n\t0x7ff70864a535\n\t0x7ff70864a590\n\t0x7ff7083f10bd\n\t0x7ff70844c48e\n\t0x7ff70844c79c\n\t0x7ff70849d3a7\n\t0x7ff708499ef5\n\t0x7ff70843cc9c\n\t0x7ff70843dbe3\n\t0x7ff708927b60\n\t0x7ff708921f5d\n\t0x7ff70894311a\n\t0x7ff7086660a5\n\t0x7ff70866e73c\n\t0x7ff708653844\n\t0x7ff7086539f6\n\t0x7ff708639a07\n\t0x7ffff21e7374\n\t0x7ffff269cc91\n\n", "trace": "  File \"C:\\GitHub-копия\\.venv\\Lib\\site-packages\\allure_commons\\_allure.py\", line 192, in impl\n    return func(*a, **kw)\n           ^^^^^^^^^^^^^^\n  File \"C:\\GitHub-копия\\skypro_automation\\chitai-gorod-automation\\pages\\main_page.py\", line 27, in search_book\n    self.type_text(self.SEARCH_INPUT, query)\n  File \"C:\\GitHub-копия\\.venv\\Lib\\site-packages\\allure_commons\\_allure.py\", line 192, in impl\n    return func(*a, **kw)\n           ^^^^^^^^^^^^^^\n  File \"C:\\GitHub-копия\\skypro_automation\\chitai-gorod-automation\\pages\\base_page.py\", line 46, in type_text\n    element = self.find_element(locator)\n              ^^^^^^^^^^^^^^^^^^^^^^^^^^\n  File \"C:\\GitHub-копия\\.venv\\Lib\\site-packages\\allure_commons\\_allure.py\", line 192, in impl\n    return func(*a, **kw)\n           ^^^^^^^^^^^^^^\n  File \"C:\\GitHub-копия\\skypro_automation\\chitai-gorod-automation\\pages\\base_page.py\", line 29, in find_element\n    return wait.until(EC.presence_of_element_located(locator))\n           ^^^^^^^^^^^^^^^^^^^^^^^^^^^^^^^^^^^^^^^^^^^^^^^^^^^\n  File \"C:\\GitHub-копия\\.venv\\Lib\\site-packages\\selenium\\webdriver\\support\\wait.py\", line 101, in until\n    raise TimeoutException(message, screen, stacktrace)\n"}, "steps": [{"name": "Ввести текст ''Булгаков'' в элемент ('css selector', \"input[type='search'], input[placeholder*='книг'], input[name='q']\")", "status": "broken", "statusDetails": {"message": "selenium.common.exceptions.TimeoutException: Message: \nStacktrace:\nSymbols not available. Dumping unresolved backtrace:\n\t0x7ff70864a535\n\t0x7ff70864a590\n\t0x7ff7083f10bd\n\t0x7ff70844c48e\n\t0x7ff70844c79c\n\t0x7ff70849d3a7\n\t0x7ff708499ef5\n\t0x7ff70843cc9c\n\t0x7ff70843dbe3\n\t0x7ff708927b60\n\t0x7ff708921f5d\n\t0x7ff70894311a\n\t0x7ff7086660a5\n\t0x7ff70866e73c\n\t0x7ff708653844\n\t0x7ff7086539f6\n\t0x7ff708639a07\n\t0x7ffff21e7374\n\t0x7ffff269cc91\n\n", "trace": "  File \"C:\\GitHub-копия\\.venv\\Lib\\site-packages\\allure_commons\\_allure.py\", line 192, in impl\n    return func(*a, **kw)\n           ^^^^^^^^^^^^^^\n  File \"C:\\GitHub-копия\\skypro_automation\\chitai-gorod-automation\\pages\\base_page.py\", line 46, in type_text\n    element = self.find_element(locator)\n              ^^^^^^^^^^^^^^^^^^^^^^^^^^\n  File \"C:\\GitHub-копия\\.venv\\Lib\\site-packages\\allure_commons\\_allure.py\", line 192, in impl\n    return func(*a, **kw)\n           ^^^^^^^^^^^^^^\n  File \"C:\\GitHub-копия\\skypro_automation\\chitai-gorod-automation\\pages\\base_page.py\", line 29, in find_element\n    return wait.until(EC.presence_of_element_located(locator))\n           ^^^^^^^^^^^^^^^^^^^^^^^^^^^^^^^^^^^^^^^^^^^^^^^^^^^\n  File \"C:\\GitHub-копия\\.venv\\Lib\\site-packages\\selenium\\webdriver\\support\\wait.py\", line 101, in until\n    raise TimeoutException(message, screen, stacktrace)\n"}, "steps": [{"name": "Найти элемент ('css selector', \"input[type='search'], input[placeholder*='книг'], input[name='q']\")", "status": "broken", "statusDetails": {"message": "selenium.common.exceptions.TimeoutException: Message: \nStacktrace:\nSymbols not available. Dumping unresolved backtrace:\n\t0x7ff70864a535\n\t0x7ff70864a590\n\t0x7ff7083f10bd\n\t0x7ff70844c48e\n\t0x7ff70844c79c\n\t0x7ff70849d3a7\n\t0x7ff708499ef5\n\t0x7ff70843cc9c\n\t0x7ff70843dbe3\n\t0x7ff708927b60\n\t0x7ff708921f5d\n\t0x7ff70894311a\n\t0x7ff7086660a5\n\t0x7ff70866e73c\n\t0x7ff708653844\n\t0x7ff7086539f6\n\t0x7ff708639a07\n\t0x7ffff21e7374\n\t0x7ffff269cc91\n\n", "trace": "  File \"C:\\GitHub-копия\\.venv\\Lib\\site-packages\\allure_commons\\_allure.py\", line 192, in impl\n    return func(*a, **kw)\n           ^^^^^^^^^^^^^^\n  File \"C:\\GitHub-копия\\skypro_automation\\chitai-gorod-automation\\pages\\base_page.py\", line 29, in find_element\n    return wait.until(EC.presence_of_element_located(locator))\n           ^^^^^^^^^^^^^^^^^^^^^^^^^^^^^^^^^^^^^^^^^^^^^^^^^^^\n  File \"C:\\GitHub-копия\\.venv\\Lib\\site-packages\\selenium\\webdriver\\support\\wait.py\", line 101, in until\n    raise TimeoutException(message, screen, stacktrace)\n"}, "parameters": [{"name": "locator", "value": "('css selector', \"input[type='search'], input[placeholder*='книг'], input[name='q']\")"}, {"name": "timeout", "value": "None"}], "start": 1770133888836, "stop": 1770133904416}], "parameters": [{"name": "locator", "value": "('css selector', \"input[type='search'], input[placeholder*='книг'], input[name='q']\")"}, {"name": "text", "value": "'Булгаков'"}], "start": 1770133888836, "stop": 1770133904416}], "parameters": [{"name": "query", "value": "'Булгаков'"}], "start": 1770133888836, "stop": 1770133904417}], "start": 1770133888836, "stop": 1770133904417}], "attachments": [{"name": "screenshot_on_failure", "source": "d3d32eeb-318a-45e8-b645-e96100a5bed4-attachment.png", "type": "image/png"}], "start": 1770133883654, "stop": 1770133904418, "uuid": "05330002-8c29-4973-80c3-a9c52b0a389f", "historyId": "ce30844568c6791003e64bc66fa3991f", "testCaseId": "ce30844568c6791003e64bc66fa3991f", "fullName": "tests.test_ui.TestUI#test_add_to_cart", "labels": [{"name": "story", "value": "Тестирование пользовательского интерфейса"}, {"name": "severity", "value": "blocker"}, {"name": "feature", "value": "UI Тесты"}, {"name": "tag", "value": "ui"}, {"name": "parentSuite", "value": "tests"}, {"name": "suite", "value": "test_ui"}, {"name": "subSuite", "value": "TestUI"}, {"name": "host", "value": "DESKTOP-TGQ0QPL"}, {"name": "thread", "value": "12500-MainThread"}, {"name": "framework", "value": "pytest"}, {"name": "language", "value": "cpython3"}, {"name": "package", "value": "tests.test_ui"}]}