{"name": "Тест 1: Успешный поиск книги", "status": "broken", "statusDetails": {"message": "selenium.common.exceptions.TimeoutException: Message: \nStacktrace:\nSymbols not available. Dumping unresolved backtrace:\n\t0x7ff70864a535\n\t0x7ff70864a590\n\t0x7ff7083f10bd\n\t0x7ff70844c48e\n\t0x7ff70844c79c\n\t0x7ff70849d3a7\n\t0x7ff708499ef5\n\t0x7ff70843cc9c\n\t0x7ff70843dbe3\n\t0x7ff708927b60\n\t0x7ff708921f5d\n\t0x7ff70894311a\n\t0x7ff7086660a5\n\t0x7ff70866e73c\n\t0x7ff708653844\n\t0x7ff7086539f6\n\t0x7ff708639a07\n\t0x7ffff21e7374\n\t0x7ffff269cc91", "trace": "tests\\test_ui.py:29: in test_successful_search\n    main_page.search_book(\"Психология\")\npages\\main_page.py:27: in search_book\n    self.type_text(self.SEARCH_INPUT, query)\npages\\base_page.py:46: in type_text\n    element = self.find_element(locator)\npages\\base_page.py:29: in find_element\n    return wait.until(EC.presence_of_element_located(locator))\n..\\..\\.venv\\Lib\\site-packages\\selenium\\webdriver\\support\\wait.py:101: in until\n    raise TimeoutException(message, screen, stacktrace)\nE   selenium.common.exceptions.TimeoutException: Message: \nE   Stacktrace:\nE   Symbols not available. Dumping unresolved backtrace:\nE   \t0x7ff70864a535\nE   \t0x7ff70864a590\nE   \t0x7ff7083f10bd\nE   \t0x7ff70844c48e\nE   \t0x7ff70844c79c\nE   \t0x7ff70849d3a7\nE   \t0x7ff708499ef5\nE   \t0x7ff70843cc9c\nE   \t0x7ff70843dbe3\nE   \t0x7ff708927b60\nE   \t0x7ff708921f5d\nE   \t0x7ff70894311a\nE   \t0x7ff7086660a5\nE   \t0x7ff70866e73c\nE   \t0x7ff708653844\nE   \t0x7ff7086539f6\nE   \t0x7ff708639a07\nE   \t0x7ffff21e7374\nE   \t0x7ffff269cc91"}, "description": "Тест успешного поиска книги", "steps": [{"name": "Открыть главную страницу", "status": "passed", "steps": [{"name": "Открыть главную страницу", "status": "passed", "steps": [{"name": "Открыть страницу '/'", "status": "passed", "parameters": [{"name": "url", "value": "'/'"}], "start": 1770133856453, "stop": 1770133858620}], "start": 1770133856453, "stop": 1770133858620}], "start": 1770133856453, "stop": 1770133858620}, {"name": "Выполнить поиск книги 'Психология'", "status": "broken", "statusDetails": {"message": "selenium.common.exceptions.TimeoutException: Message: \nStacktrace:\nSymbols not available. Dumping unresolved backtrace:\n\t0x7ff70864a535\n\t0x7ff70864a590\n\t0x7ff7083f10bd\n\t0x7ff70844c48e\n\t0x7ff70844c79c\n\t0x7ff70849d3a7\n\t0x7ff708499ef5\n\t0x7ff70843cc9c\n\t0x7ff70843dbe3\n\t0x7ff708927b60\n\t0x7ff708921f5d\n\t0x7ff70894311a\n\t0x7ff7086660a5\n\t0x7ff70866e73c\n\t0x7ff708653844\n\t0x7ff7086539f6\n\t0x7ff708639a07\n\t0x7ffff21e7374\n\t0x7ffff269cc91\n\n", "trace": "  File \"C:\\GitHub-копия\\skypro_automation\\chitai-gorod-automation\\tests\\test_ui.py\", line 29, in test_successful_search\n    main_page.search_book(\"Психология\")\n  File \"C:\\GitHub-копия\\.venv\\Lib\\site-packages\\allure_commons\\_allure.py\", line 192, in impl\n    return func(*a, **kw)\n           ^^^^^^^^^^^^^^\n  File \"C:\\GitHub-копия\\skypro_automation\\chitai-gorod-automation\\pages\\main_page.py\", line 27, in search_book\n    self.type_text(self.SEARCH_INPUT, query)\n  File \"C:\\GitHub-копия\\.venv\\Lib\\site-packages\\allure_commons\\_allure.py\", line 192, in impl\n    return func(*a, **kw)\n           ^^^^^^^^^^^^^^\n  File \"C:\\GitHub-копия\\skypro_automation\\chitai-gorod-automation\\pages\\base_page.py\", line 46, in type_text\n    element = self.find_element(locator)\n              ^^^^^^^^^^^^^^^^^^^^^^^^^^\n  File \"C:\\GitHub-копия\\.venv\\Lib\\site-packages\\allure_commons\\_allure.py\", line 192, in impl\n    return func(*a, **kw)\n           ^^^^^^^^^^^^^^\n  File \"C:\\GitHub-копия\\skypro_automation\\chitai-gorod-automation\\pages\\base_page.py\", line 29, in find_element\n    return wait.until(EC.presence_of_element_located(locator))\n           ^^^^^^^^^^^^^^^^^^^^^^^^^^^^^^^^^^^^^^^^^^^^^^^^^^^\n  File \"C:\\GitHub-копия\\.venv\\Lib\\site-packages\\selenium\\webdriver\\support\\wait.py\", line 101, in until\n    raise TimeoutException(message, screen, stacktrace)\n"}, "steps": [{"name": "Выполнить поиск: 'Психология'", "status": "broken", "statusDetails": {"message": "selenium.common.exceptions.TimeoutException: Message: \nStacktrace:\nSymbols not available. Dumping unresolved backtrace:\n\t0x7ff70864a535\n\t0x7ff70864a590\n\t0x7ff7083f10bd\n\t0x7ff70844c48e\n\t0x7ff70844c79c\n\t0x7ff70849d3a7\n\t0x7ff708499ef5\n\t0x7ff70843cc9c\n\t0x7ff70843dbe3\n\t0x7ff708927b60\n\t0x7ff708921f5d\n\t0x7ff70894311a\n\t0x7ff7086660a5\n\t0x7ff70866e73c\n\t0x7ff708653844\n\t0x7ff7086539f6\n\t0x7ff708639a07\n\t0x7ffff21e7374\n\t0x7ffff269cc91\n\n", "trace": "  File \"C:\\GitHub-копия\\.venv\\Lib\\site-packages\\allure_commons\\_allure.py\", line 192, in impl\n    return func(*a, **kw)\n           ^^^^^^^^^^^^^^\n  File \"C:\\GitHub-копия\\skypro_automation\\chitai-gorod-automation\\pages\\main_page.py\", line 27, in search_book\n    self.type_text(self.SEARCH_INPUT, query)\n  File \"C:\\GitHub-копия\\.venv\\Lib\\site-packages\\allure_commons\\_allure.py\", line 192, in impl\n    return func(*a, **kw)\n           ^^^^^^^^^^^^^^\n  File \"C:\\GitHub-копия\\skypro_automation\\chitai-gorod-automation\\pages\\base_page.py\", line 46, in type_text\n    element = self.find_element(locator)\n              ^^^^^^^^^^^^^^^^^^^^^^^^^^\n  File \"C:\\GitHub-копия\\.venv\\Lib\\site-packages\\allure_commons\\_allure.py\", line 192, in impl\n    return func(*a, **kw)\n           ^^^^^^^^^^^^^^\n  File \"C:\\GitHub-копия\\skypro_automation\\chitai-gorod-automation\\pages\\base_page.py\", line 29, in find_element\n    return wait.until(EC.presence_of_element_located(locator))\n           ^^^^^^^^^^^^^^^^^^^^^^^^^^^^^^^^^^^^^^^^^^^^^^^^^^^\n  File \"C:\\GitHub-копия\\.venv\\Lib\\site-packages\\selenium\\webdriver\\support\\wait.py\", line 101, in until\n    raise TimeoutException(message, screen, stacktrace)\n"}, "steps": [{"name": "Ввести текст ''Психология'' в элемент ('css selector', \"input[type='search'], input[placeholder*='книг'], input[name='q']\")", "status": "broken", "statusDetails": {"message": "selenium.common.exceptions.TimeoutException: Message: \nStacktrace:\nSymbols not available. Dumping unresolved backtrace:\n\t0x7ff70864a535\n\t0x7ff70864a590\n\t0x7ff7083f10bd\n\t0x7ff70844c48e\n\t0x7ff70844c79c\n\t0x7ff70849d3a7\n\t0x7ff708499ef5\n\t0x7ff70843cc9c\n\t0x7ff70843dbe3\n\t0x7ff708927b60\n\t0x7ff708921f5d\n\t0x7ff70894311a\n\t0x7ff7086660a5\n\t0x7ff70866e73c\n\t0x7ff708653844\n\t0x7ff7086539f6\n\t0x7ff708639a07\n\t0x7ffff21e7374\n\t0x7ffff269cc91\n\n", "trace": "  File \"C:\\GitHub-копия\\.venv\\Lib\\site-packages\\allure_commons\\_allure.py\", line 192, in impl\n    return func(*a, **kw)\n           ^^^^^^^^^^^^^^\n  File \"C:\\GitHub-копия\\skypro_automation\\chitai-gorod-automation\\pages\\base_page.py\", line 46, in type_text\n    element = self.find_element(locator)\n              ^^^^^^^^^^^^^^^^^^^^^^^^^^\n  File \"C:\\GitHub-копия\\.venv\\Lib\\site-packages\\allure_commons\\_allure.py\", line 192, in impl\n    return func(*a, **kw)\n           ^^^^^^^^^^^^^^\n  File \"C:\\GitHub-копия\\skypro_automation\\chitai-gorod-automation\\pages\\base_page.py\", line 29, in find_element\n    return wait.until(EC.presence_of_element_located(locator))\n           ^^^^^^^^^^^^^^^^^^^^^^^^^^^^^^^^^^^^^^^^^^^^^^^^^^^\n  File \"C:\\GitHub-копия\\.venv\\Lib\\site-packages\\selenium\\webdriver\\support\\wait.py\", line 101, in until\n    raise TimeoutException(message, screen, stacktrace)\n"}, "steps": [{"name": "Найти элемент ('css selector', \"input[type='search'], input[placeholder*='книг'], input[name='q']\")", "status": "broken", "statusDetails": {"message": "selenium.common.exceptions.TimeoutException: Message: \nStacktrace:\nSymbols not available. Dumping unresolved backtrace:\n\t0x7ff70864a535\n\t0x7ff70864a590\n\t0x7ff7083f10bd\n\t0x7ff70844c48e\n\t0x7ff70844c79c\n\t0x7ff70849d3a7\n\t0x7ff708499ef5\n\t0x7ff70843cc9c\n\t0x7ff70843dbe3\n\t0x7ff708927b60\n\t0x7ff708921f5d\n\t0x7ff70894311a\n\t0x7ff7086660a5\n\t0x7ff70866e73c\n\t0x7ff708653844\n\t0x7ff7086539f6\n\t0x7ff708639a07\n\t0x7ffff21e7374\n\t0x7ffff269cc91\n\n", "trace": "  File \"C:\\GitHub-копия\\.venv\\Lib\\site-packages\\allure_commons\\_allure.py\", line 192, in impl\n    return func(*a, **kw)\n           ^^^^^^^^^^^^^^\n  File \"C:\\GitHub-копия\\skypro_automation\\chitai-gorod-automation\\pages\\base_page.py\", line 29, in find_element\n    return wait.until(EC.presence_of_element_located(locator))\n           ^^^^^^^^^^^^^^^^^^^^^^^^^^^^^^^^^^^^^^^^^^^^^^^^^^^\n  File \"C:\\GitHub-копия\\.venv\\Lib\\site-packages\\selenium\\webdriver\\support\\wait.py\", line 101, in until\n    raise TimeoutException(message, screen, stacktrace)\n"}, "parameters": [{"name": "locator", "value": "('css selector', \"input[type='search'], input[placeholder*='книг'], input[name='q']\")"}, {"name": "timeout", "value": "None"}], "start": 1770133858620, "stop": 1770133874201}], "parameters": [{"name": "locator", "value": "('css selector', \"input[type='search'], input[placeholder*='книг'], input[name='q']\")"}, {"name": "text", "value": "'Психология'"}], "start": 1770133858620, "stop": 1770133874202}], "parameters": [{"name": "query", "value": "'Психология'"}], "start": 1770133858620, "stop": 1770133874203}], "start": 1770133858620, "stop": 1770133874204}], "attachments": [{"name": "screenshot_on_failure", "source": "af1c999c-edfd-43fb-920a-0084b00c7c9a-attachment.png", "type": "image/png"}], "start": 1770133856452, "stop": 1770133874205, "uuid": "4a91ec6b-043d-4560-8743-3be5081d5dea", "historyId": "385eada5bc6919b3b7d1b6ddb0a263fc", "testCaseId": "385eada5bc6919b3b7d1b6ddb0a263fc", "fullName": "tests.test_ui.TestUI#test_successful_search", "labels": [{"name": "story", "value": "Тестирование пользовательского интерфейса"}, {"name": "severity", "value": "blocker"}, {"name": "feature", "value": "UI Тесты"}, {"name": "tag", "value": "ui"}, {"name": "parentSuite", "value": "tests"}, {"name": "suite", "value": "test_ui"}, {"name": "subSuite", "value": "TestUI"}, {"name": "host", "value": "DESKTOP-TGQ0QPL"}, {"name": "thread", "value": "12500-MainThread"}, {"name": "framework", "value": "pytest"}, {"name": "language", "value": "cpython3"}, {"name": "package", "value": "tests.test_ui"}]}