{"name": "Тест 4: Поиск несуществующей книги", "status": "broken", "statusDetails": {"message": "selenium.common.exceptions.TimeoutException: Message: \nStacktrace:\nSymbols not available. Dumping unresolved backtrace:\n\t0x7ff70864a535\n\t0x7ff70864a590\n\t0x7ff7083f10bd\n\t0x7ff70844c48e\n\t0x7ff70844c79c\n\t0x7ff70849d3a7\n\t0x7ff708499ef5\n\t0x7ff70843cc9c\n\t0x7ff70843dbe3\n\t0x7ff708927b60\n\t0x7ff708921f5d\n\t0x7ff70894311a\n\t0x7ff7086660a5\n\t0x7ff70866e73c\n\t0x7ff708653844\n\t0x7ff7086539f6\n\t0x7ff708639a07\n\t0x7ffff21e7374\n\t0x7ffff269cc91", "trace": "tests\\test_ui.py:98: in test_search_invalid_book\n    main_page.search_book(\"asdfghjkl12345\")\npages\\main_page.py:27: in search_book\n    self.type_text(self.SEARCH_INPUT, query)\npages\\base_page.py:46: in type_text\n    element = self.find_element(locator)\npages\\base_page.py:29: in find_element\n    return wait.until(EC.presence_of_element_located(locator))\n..\\..\\.venv\\Lib\\site-packages\\selenium\\webdriver\\support\\wait.py:101: in until\n    raise TimeoutException(message, screen, stacktrace)\nE   selenium.common.exceptions.TimeoutException: Message: \nE   Stacktrace:\nE   Symbols not available. Dumping unresolved backtrace:\nE   \t0x7ff70864a535\nE   \t0x7ff70864a590\nE   \t0x7ff7083f10bd\nE   \t0x7ff70844c48e\nE   \t0x7ff70844c79c\nE   \t0x7ff70849d3a7\nE   \t0x7ff708499ef5\nE   \t0x7ff70843cc9c\nE   \t0x7ff70843dbe3\nE   \t0x7ff708927b60\nE   \t0x7ff708921f5d\nE   \t0x7ff70894311a\nE   \t0x7ff7086660a5\nE   \t0x7ff70866e73c\nE   \t0x7ff708653844\nE   \t0x7ff7086539f6\nE   \t0x7ff708639a07\nE   \t0x7ffff21e7374\nE   \t0x7ffff269cc91"}, "description": "Тест поиска несуществующей книги", "steps": [{"name": "Открыть главную страницу", "status": "passed", "steps": [{"name": "Открыть главную страницу", "status": "passed", "steps": [{"name": "Открыть страницу '/'", "status": "passed", "parameters": [{"name": "url", "value": "'/'"}], "start": 1770133942893, "stop": 1770133947459}], "start": 1770133942893, "stop": 1770133947459}], "start": 1770133942893, "stop": 1770133947459}, {"name": "Поиск несуществующей книги", "status": "broken", "statusDetails": {"message": "selenium.common.exceptions.TimeoutException: Message: \nStacktrace:\nSymbols not available. Dumping unresolved backtrace:\n\t0x7ff70864a535\n\t0x7ff70864a590\n\t0x7ff7083f10bd\n\t0x7ff70844c48e\n\t0x7ff70844c79c\n\t0x7ff70849d3a7\n\t0x7ff708499ef5\n\t0x7ff70843cc9c\n\t0x7ff70843dbe3\n\t0x7ff708927b60\n\t0x7ff708921f5d\n\t0x7ff70894311a\n\t0x7ff7086660a5\n\t0x7ff70866e73c\n\t0x7ff708653844\n\t0x7ff7086539f6\n\t0x7ff708639a07\n\t0x7ffff21e7374\n\t0x7ffff269cc91\n\n", "trace": "  File \"C:\\GitHub-копия\\skypro_automation\\chitai-gorod-automation\\tests\\test_ui.py\", line 98, in test_search_invalid_book\n    main_page.search_book(\"asdfghjkl12345\")\n  File \"C:\\GitHub-копия\\.venv\\Lib\\site-packages\\allure_commons\\_allure.py\", line 192, in impl\n    return func(*a, **kw)\n           ^^^^^^^^^^^^^^\n  File \"C:\\GitHub-копия\\skypro_automation\\chitai-gorod-automation\\pages\\main_page.py\", line 27, in search_book\n    self.type_text(self.SEARCH_INPUT, query)\n  File \"C:\\GitHub-копия\\.venv\\Lib\\site-packages\\allure_commons\\_allure.py\", line 192, in impl\n    return func(*a, **kw)\n           ^^^^^^^^^^^^^^\n  File \"C:\\GitHub-копия\\skypro_automation\\chitai-gorod-automation\\pages\\base_page.py\", line 46, in type_text\n    element = self.find_element(locator)\n              ^^^^^^^^^^^^^^^^^^^^^^^^^^\n  File \"C:\\GitHub-копия\\.venv\\Lib\\site-packages\\allure_commons\\_allure.py\", line 192, in impl\n    return func(*a, **kw)\n           ^^^^^^^^^^^^^^\n  File \"C:\\GitHub-копия\\skypro_automation\\chitai-gorod-automation\\pages\\base_page.py\", line 29, in find_element\n    return wait.until(EC.presence_of_element_located(locator))\n           ^^^^^^^^^^^^^^^^^^^^^^^^^^^^^^^^^^^^^^^^^^^^^^^^^^^\n  File \"C:\\GitHub-копия\\.venv\\Lib\\site-packages\\selenium\\webdriver\\support\\wait.py\", line 101, in until\n    raise TimeoutException(message, screen, stacktrace)\n"}, "steps": [{"name": "Выполнить поиск: 'asdfghjkl12345'", "status": "broken", "statusDetails": {"message": "selenium.common.exceptions.TimeoutException: Message: \nStacktrace:\nSymbols not available. Dumping unresolved backtrace:\n\t0x7ff70864a535\n\t0x7ff70864a590\n\t0x7ff7083f10bd\n\t0x7ff70844c48e\n\t0x7ff70844c79c\n\t0x7ff70849d3a7\n\t0x7ff708499ef5\n\t0x7ff70843cc9c\n\t0x7ff70843dbe3\n\t0x7ff708927b60\n\t0x7ff708921f5d\n\t0x7ff70894311a\n\t0x7ff7086660a5\n\t0x7ff70866e73c\n\t0x7ff708653844\n\t0x7ff7086539f6\n\t0x7ff708639a07\n\t0x7ffff21e7374\n\t0x7ffff269cc91\n\n", "trace": "  File \"C:\\GitHub-копия\\.venv\\Lib\\site-packages\\allure_commons\\_allure.py\", line 192, in impl\n    return func(*a, **kw)\n           ^^^^^^^^^^^^^^\n  File \"C:\\GitHub-копия\\skypro_automation\\chitai-gorod-automation\\pages\\main_page.py\", line 27, in search_book\n    self.type_text(self.SEARCH_INPUT, query)\n  File \"C:\\GitHub-копия\\.venv\\Lib\\site-packages\\allure_commons\\_allure.py\", line 192, in impl\n    return func(*a, **kw)\n           ^^^^^^^^^^^^^^\n  File \"C:\\GitHub-копия\\skypro_automation\\chitai-gorod-automation\\pages\\base_page.py\", line 46, in type_text\n    element = self.find_element(locator)\n              ^^^^^^^^^^^^^^^^^^^^^^^^^^\n  File \"C:\\GitHub-копия\\.venv\\Lib\\site-packages\\allure_commons\\_allure.py\", line 192, in impl\n    return func(*a, **kw)\n           ^^^^^^^^^^^^^^\n  File \"C:\\GitHub-копия\\skypro_automation\\chitai-gorod-automation\\pages\\base_page.py\", line 29, in find_element\n    return wait.until(EC.presence_of_element_located(locator))\n           ^^^^^^^^^^^^^^^^^^^^^^^^^^^^^^^^^^^^^^^^^^^^^^^^^^^\n  File \"C:\\GitHub-копия\\.venv\\Lib\\site-packages\\selenium\\webdriver\\support\\wait.py\", line 101, in until\n    raise TimeoutException(message, screen, stacktrace)\n"}, "steps": [{"name": "Ввести текст ''asdfghjkl12345'' в элемент ('css selector', \"input[type='search'], input[placeholder*='книг'], input[name='q']\")", "status": "broken", "statusDetails": {"message": "selenium.common.exceptions.TimeoutException: Message: \nStacktrace:\nSymbols not available. Dumping unresolved backtrace:\n\t0x7ff70864a535\n\t0x7ff70864a590\n\t0x7ff7083f10bd\n\t0x7ff70844c48e\n\t0x7ff70844c79c\n\t0x7ff70849d3a7\n\t0x7ff708499ef5\n\t0x7ff70843cc9c\n\t0x7ff70843dbe3\n\t0x7ff708927b60\n\t0x7ff708921f5d\n\t0x7ff70894311a\n\t0x7ff7086660a5\n\t0x7ff70866e73c\n\t0x7ff708653844\n\t0x7ff7086539f6\n\t0x7ff708639a07\n\t0x7ffff21e7374\n\t0x7ffff269cc91\n\n", "trace": "  File \"C:\\GitHub-копия\\.venv\\Lib\\site-packages\\allure_commons\\_allure.py\", line 192, in impl\n    return func(*a, **kw)\n           ^^^^^^^^^^^^^^\n  File \"C:\\GitHub-копия\\skypro_automation\\chitai-gorod-automation\\pages\\base_page.py\", line 46, in type_text\n    element = self.find_element(locator)\n              ^^^^^^^^^^^^^^^^^^^^^^^^^^\n  File \"C:\\GitHub-копия\\.venv\\Lib\\site-packages\\allure_commons\\_allure.py\", line 192, in impl\n    return func(*a, **kw)\n           ^^^^^^^^^^^^^^\n  File \"C:\\GitHub-копия\\skypro_automation\\chitai-gorod-automation\\pages\\base_page.py\", line 29, in find_element\n    return wait.until(EC.presence_of_element_located(locator))\n           ^^^^^^^^^^^^^^^^^^^^^^^^^^^^^^^^^^^^^^^^^^^^^^^^^^^\n  File \"C:\\GitHub-копия\\.venv\\Lib\\site-packages\\selenium\\webdriver\\support\\wait.py\", line 101, in until\n    raise TimeoutException(message, screen, stacktrace)\n"}, "steps": [{"name": "Найти элемент ('css selector', \"input[type='search'], input[placeholder*='книг'], input[name='q']\")", "status": "broken", "statusDetails": {"message": "selenium.common.exceptions.TimeoutException: Message: \nStacktrace:\nSymbols not available. Dumping unresolved backtrace:\n\t0x7ff70864a535\n\t0x7ff70864a590\n\t0x7ff7083f10bd\n\t0x7ff70844c48e\n\t0x7ff70844c79c\n\t0x7ff70849d3a7\n\t0x7ff708499ef5\n\t0x7ff70843cc9c\n\t0x7ff70843dbe3\n\t0x7ff708927b60\n\t0x7ff708921f5d\n\t0x7ff70894311a\n\t0x7ff7086660a5\n\t0x7ff70866e73c\n\t0x7ff708653844\n\t0x7ff7086539f6\n\t0x7ff708639a07\n\t0x7ffff21e7374\n\t0x7ffff269cc91\n\n", "trace": "  File \"C:\\GitHub-копия\\.venv\\Lib\\site-packages\\allure_commons\\_allure.py\", line 192, in impl\n    return func(*a, **kw)\n           ^^^^^^^^^^^^^^\n  File \"C:\\GitHub-копия\\skypro_automation\\chitai-gorod-automation\\pages\\base_page.py\", line 29, in find_element\n    return wait.until(EC.presence_of_element_located(locator))\n           ^^^^^^^^^^^^^^^^^^^^^^^^^^^^^^^^^^^^^^^^^^^^^^^^^^^\n  File \"C:\\GitHub-копия\\.venv\\Lib\\site-packages\\selenium\\webdriver\\support\\wait.py\", line 101, in until\n    raise TimeoutException(message, screen, stacktrace)\n"}, "parameters": [{"name": "locator", "value": "('css selector', \"input[type='search'], input[placeholder*='книг'], input[name='q']\")"}, {"name": "timeout", "value": "None"}], "start": 1770133947459, "stop": 1770133963005}], "parameters": [{"name": "locator", "value": "('css selector', \"input[type='search'], input[placeholder*='книг'], input[name='q']\")"}, {"name": "text", "value": "'asdfghjkl12345'"}], "start": 1770133947459, "stop": 1770133963005}], "parameters": [{"name": "query", "value": "'asdfghjkl12345'"}], "start": 1770133947459, "stop": 1770133963005}], "start": 1770133947459, "stop": 1770133963006}], "attachments": [{"name": "screenshot_on_failure", "source": "3234205d-1ea7-4dd3-a3eb-bbc5c6d66a86-attachment.png", "type": "image/png"}], "start": 1770133942893, "stop": 1770133963007, "uuid": "eb060a64-8b04-4de6-9ed2-1e6f86fc3286", "historyId": "e3a3643be89174d18d3ecf83dba42707", "testCaseId": "e3a3643be89174d18d3ecf83dba42707", "fullName": "tests.test_ui.TestUI#test_search_invalid_book", "labels": [{"name": "story", "value": "Тестирование пользовательского интерфейса"}, {"name": "feature", "value": "UI Тесты"}, {"name": "severity", "value": "normal"}, {"name": "tag", "value": "ui"}, {"name": "parentSuite", "value": "tests"}, {"name": "suite", "value": "test_ui"}, {"name": "subSuite", "value": "TestUI"}, {"name": "host", "value": "DESKTOP-TGQ0QPL"}, {"name": "thread", "value": "12500-MainThread"}, {"name": "framework", "value": "pytest"}, {"name": "language", "value": "cpython3"}, {"name": "package", "value": "tests.test_ui"}]}